============================================================
  Generated by:           Genus(TM) Synthesis Solution 19.13-s073_1
  Generated on:           Mar 03 2023  09:50:33 am
  Module:                 bound_flash
  Technology libraries:   slow_1v0 
                          pll 0.0
                          CDK_S128x16 0.0
                          CDK_S256x16 0.0
                          CDK_R512x16 0.0
                          physical_cells 
  Operating conditions:   slow 
  Interconnect mode:      global
  Area mode:              physical library
============================================================

Timing
--------

Clock Period 
-------------
clk   1400.0 


  Cost    Critical         Violating 
 Group   Path Slack  TNS     Paths   
-------------------------------------
clk             0.6   0.0          0 
default    No paths   0.0            
-------------------------------------
Total                 0.0          0 

Instance Count
--------------
Leaf Instance Count             124 
Physical Instance count           0 
Sequential Instance Count         8 
Combinational Instance Count    116 
Hierarchical Instance Count       0 

Area
----
Cell Area                          315.923
Physical Cell Area                 0.000
Total Cell Area (Cell+Physical)    315.923
Net Area                           157.349
Total Area (Cell+Physical+Net)     473.272

Runtime                            0.0 seconds
Elapsed Runtime                    35 seconds
Genus peak memory usage            1055.46 
Innovus peak memory usage          no_value 
Hostname                           localhost
